2015-07-22 13:46:13 INFO  ProjectTypeHandler:25 - Finding plugin for testResources/2014-mooc-no-deadline/viikko1/Viikko1_001.Nimi
2015-07-22 13:46:14 INFO  ProjectTypeHandler:28 - Detected project as apache-ant
2015-07-22 13:46:14 INFO  AntPlugin:86 - Building project at testResources/2014-mooc-no-deadline/viikko1/Viikko1_001.Nimi
2015-07-22 13:46:15 INFO  AntPlugin:116 - Successfully built project at testResources/2014-mooc-no-deadline/viikko1/Viikko1_001.Nimi
2015-07-22 13:46:15 INFO  AntPlugin:156 - Running tests for project at testResources/2014-mooc-no-deadline/viikko1/Viikko1_001.Nimi
2015-07-22 13:46:16 INFO  AntPlugin:184 - Successfully ran tests for project at testResources/2014-mooc-no-deadline/viikko1/Viikko1_001.Nimi
2015-07-22 13:47:00 INFO  ProjectTypeHandler:25 - Finding plugin for testResources/2014-mooc-no-deadline/viikko1/Viikko1_001.Nimi
2015-07-22 13:47:01 INFO  ProjectTypeHandler:28 - Detected project as apache-ant
2015-07-22 13:47:01 INFO  AntPlugin:86 - Building project at testResources/2014-mooc-no-deadline/viikko1/Viikko1_001.Nimi
2015-07-22 13:47:02 INFO  AntPlugin:116 - Successfully built project at testResources/2014-mooc-no-deadline/viikko1/Viikko1_001.Nimi
2015-07-22 13:47:02 INFO  AntPlugin:156 - Running tests for project at testResources/2014-mooc-no-deadline/viikko1/Viikko1_001.Nimi
2015-07-22 13:47:02 INFO  AntPlugin:184 - Successfully ran tests for project at testResources/2014-mooc-no-deadline/viikko1/Viikko1_001.Nimi
2015-07-22 13:48:28 INFO  ProjectTypeHandler:25 - Finding plugin for testResources/2014-mooc-no-deadline/viikko1/Viikko1_001.Nimi
2015-07-22 13:48:29 INFO  ProjectTypeHandler:28 - Detected project as apache-ant
2015-07-22 13:48:29 INFO  AntPlugin:86 - Building project at testResources/2014-mooc-no-deadline/viikko1/Viikko1_001.Nimi
2015-07-22 13:48:30 INFO  AntPlugin:116 - Successfully built project at testResources/2014-mooc-no-deadline/viikko1/Viikko1_001.Nimi
2015-07-22 13:48:30 INFO  AntPlugin:156 - Running tests for project at testResources/2014-mooc-no-deadline/viikko1/Viikko1_001.Nimi
2015-07-22 13:48:30 INFO  AntPlugin:184 - Successfully ran tests for project at testResources/2014-mooc-no-deadline/viikko1/Viikko1_001.Nimi
2015-07-22 13:48:58 INFO  ProjectTypeHandler:25 - Finding plugin for testResources/2014-mooc-no-deadline/viikko1/Viikko1_001.Nimi
2015-07-22 13:48:58 INFO  ProjectTypeHandler:28 - Detected project as apache-ant
2015-07-22 13:48:58 INFO  AntPlugin:86 - Building project at testResources/2014-mooc-no-deadline/viikko1/Viikko1_001.Nimi
2015-07-22 13:48:59 INFO  AntPlugin:116 - Successfully built project at testResources/2014-mooc-no-deadline/viikko1/Viikko1_001.Nimi
2015-07-22 13:48:59 INFO  AntPlugin:156 - Running tests for project at testResources/2014-mooc-no-deadline/viikko1/Viikko1_001.Nimi
2015-07-22 13:49:00 INFO  AntPlugin:184 - Successfully ran tests for project at testResources/2014-mooc-no-deadline/viikko1/Viikko1_001.Nimi
2015-07-23 14:03:14 INFO  ProjectTypeHandler:25 - Finding plugin for /home/xtoxtox/tmc-cli
2015-07-23 14:03:14 INFO  MavenClassPathBuilder:35 - Building classpath for maven project at /home/xtoxtox/tmc-cli
